<?xml version="1.0" encoding="UTF-8"?>
<!-- Generated by org.testng.reporters.JUnitXMLReporter -->
<testsuite hostname="LMKOL-LP-0085" ignored="0" name="Default test" tests="2" failures="0" timestamp="04 Oct 2019 08:19:39 GMT" time="77.754" errors="0">
  <testcase name="pageTitleTest" time="0.05" classname="com.assignment1.testcases.FacebookLoginTest"/>
  <testcase name="userloginTest" time="12.69" classname="com.assignment1.testcases.FacebookLoginTest"/>
</testsuite> <!-- Default test -->
