<?xml version="1.0" encoding="UTF-8"?>
<testng-results skipped="0" failed="0" ignored="0" total="2" passed="2">
  <reporter-output>
  </reporter-output>
  <suite name="Default suite" duration-ms="77754" started-at="2019-10-04T08:18:21Z" finished-at="2019-10-04T08:19:39Z">
    <groups>
    </groups>
    <test name="Default test" duration-ms="77754" started-at="2019-10-04T08:18:21Z" finished-at="2019-10-04T08:19:39Z">
      <class name="com.assignment1.testcases.FacebookLoginTest">
        <test-method status="PASS" signature="setUp()[pri:0, instance:com.assignment1.testcases.FacebookLoginTest@4dfa3a9d]" name="setUp" is-config="true" duration-ms="29105" started-at="2019-10-04T08:18:21Z" finished-at="2019-10-04T08:18:50Z">
          <reporter-output>
          </reporter-output>
        </test-method> <!-- setUp -->
        <test-method status="PASS" signature="pageTitleTest()[pri:0, instance:com.assignment1.testcases.FacebookLoginTest@4dfa3a9d]" name="pageTitleTest" duration-ms="50" started-at="2019-10-04T08:18:50Z" finished-at="2019-10-04T08:18:51Z">
          <reporter-output>
          </reporter-output>
        </test-method> <!-- pageTitleTest -->
        <test-method status="PASS" signature="teadDown()[pri:0, instance:com.assignment1.testcases.FacebookLoginTest@4dfa3a9d]" name="teadDown" is-config="true" duration-ms="1270" started-at="2019-10-04T08:18:51Z" finished-at="2019-10-04T08:18:52Z">
          <reporter-output>
          </reporter-output>
        </test-method> <!-- teadDown -->
        <test-method status="PASS" signature="setUp()[pri:0, instance:com.assignment1.testcases.FacebookLoginTest@4dfa3a9d]" name="setUp" is-config="true" duration-ms="33368" started-at="2019-10-04T08:18:52Z" finished-at="2019-10-04T08:19:25Z">
          <reporter-output>
          </reporter-output>
        </test-method> <!-- setUp -->
        <test-method status="PASS" signature="userloginTest()[pri:0, instance:com.assignment1.testcases.FacebookLoginTest@4dfa3a9d]" name="userloginTest" duration-ms="12690" started-at="2019-10-04T08:19:25Z" finished-at="2019-10-04T08:19:38Z">
          <reporter-output>
          </reporter-output>
        </test-method> <!-- userloginTest -->
        <test-method status="PASS" signature="teadDown()[pri:0, instance:com.assignment1.testcases.FacebookLoginTest@4dfa3a9d]" name="teadDown" is-config="true" duration-ms="1217" started-at="2019-10-04T08:19:38Z" finished-at="2019-10-04T08:19:39Z">
          <reporter-output>
          </reporter-output>
        </test-method> <!-- teadDown -->
      </class> <!-- com.assignment1.testcases.FacebookLoginTest -->
    </test> <!-- Default test -->
  </suite> <!-- Default suite -->
</testng-results>
